{"/home/joy/Desktop/circleci-original-Jude/atimjs/index.js": {"path":"/home/joy/Desktop/circleci-original-Jude/atimjs/index.js","statementMap":{"0":{"start":{"line":1,"column":14},"end":{"line":1,"column":39}},"1":{"start":{"line":2,"column":16},"end":{"line":2,"column":43}},"2":{"start":{"line":4,"column":20},"end":{"line":4,"column":50}},"3":{"start":{"line":7,"column":18},"end":{"line":7,"column":50}},"4":{"start":{"line":10,"column":0},"end":{"line":10,"column":29}}},"fnMap":{},"branchMap":{},"s":{"0":1,"1":1,"2":1,"3":1,"4":1},"f":{},"b":{},"_coverageSchema":"1a1c01bbd47fc00a2c39e90264f33305004495a9","hash":"02cc2610c9c580cbd218af802773737005f88843"}
,"/home/joy/Desktop/circleci-original-Jude/atimjs/models/marks.js": {"path":"/home/joy/Desktop/circleci-original-Jude/atimjs/models/marks.js","statementMap":{"0":{"start":{"line":3,"column":4},"end":{"line":3,"column":27}},"1":{"start":{"line":4,"column":4},"end":{"line":4,"column":27}},"2":{"start":{"line":5,"column":4},"end":{"line":5,"column":23}},"3":{"start":{"line":8,"column":16},"end":{"line":8,"column":20}},"4":{"start":{"line":9,"column":4},"end":{"line":27,"column":5}},"5":{"start":{"line":10,"column":6},"end":{"line":10,"column":57}},"6":{"start":{"line":11,"column":6},"end":{"line":11,"column":18}},"7":{"start":{"line":12,"column":11},"end":{"line":27,"column":5}},"8":{"start":{"line":13,"column":6},"end":{"line":13,"column":57}},"9":{"start":{"line":14,"column":6},"end":{"line":14,"column":18}},"10":{"start":{"line":15,"column":11},"end":{"line":27,"column":5}},"11":{"start":{"line":16,"column":6},"end":{"line":16,"column":57}},"12":{"start":{"line":17,"column":6},"end":{"line":17,"column":18}},"13":{"start":{"line":18,"column":11},"end":{"line":27,"column":5}},"14":{"start":{"line":19,"column":6},"end":{"line":19,"column":57}},"15":{"start":{"line":20,"column":6},"end":{"line":20,"column":18}},"16":{"start":{"line":21,"column":11},"end":{"line":27,"column":5}},"17":{"start":{"line":22,"column":6},"end":{"line":22,"column":57}},"18":{"start":{"line":23,"column":6},"end":{"line":23,"column":18}},"19":{"start":{"line":24,"column":11},"end":{"line":27,"column":5}},"20":{"start":{"line":25,"column":6},"end":{"line":25,"column":57}},"21":{"start":{"line":26,"column":6},"end":{"line":26,"column":18}},"22":{"start":{"line":28,"column":4},"end":{"line":28,"column":17}},"23":{"start":{"line":31,"column":16},"end":{"line":31,"column":20}},"24":{"start":{"line":32,"column":4},"end":{"line":35,"column":5}},"25":{"start":{"line":33,"column":6},"end":{"line":33,"column":20}},"26":{"start":{"line":34,"column":6},"end":{"line":34,"column":42}},"27":{"start":{"line":36,"column":4},"end":{"line":39,"column":5}},"28":{"start":{"line":37,"column":6},"end":{"line":37,"column":20}},"29":{"start":{"line":38,"column":6},"end":{"line":38,"column":44}},"30":{"start":{"line":40,"column":4},"end":{"line":43,"column":5}},"31":{"start":{"line":41,"column":6},"end":{"line":41,"column":20}},"32":{"start":{"line":42,"column":6},"end":{"line":42,"column":54}},"33":{"start":{"line":44,"column":4},"end":{"line":47,"column":5}},"34":{"start":{"line":45,"column":6},"end":{"line":45,"column":20}},"35":{"start":{"line":46,"column":6},"end":{"line":46,"column":50}},"36":{"start":{"line":48,"column":4},"end":{"line":48,"column":17}},"37":{"start":{"line":52,"column":0},"end":{"line":52,"column":23}}},"fnMap":{"0":{"name":"(anonymous_0)","decl":{"start":{"line":2,"column":2},"end":{"line":2,"column":3}},"loc":{"start":{"line":2,"column":39},"end":{"line":6,"column":3}},"line":2},"1":{"name":"(anonymous_1)","decl":{"start":{"line":7,"column":2},"end":{"line":7,"column":3}},"loc":{"start":{"line":7,"column":17},"end":{"line":29,"column":3}},"line":7},"2":{"name":"(anonymous_2)","decl":{"start":{"line":30,"column":2},"end":{"line":30,"column":3}},"loc":{"start":{"line":30,"column":15},"end":{"line":49,"column":3}},"line":30}},"branchMap":{"0":{"loc":{"start":{"line":9,"column":4},"end":{"line":27,"column":5}},"type":"if","locations":[{"start":{"line":9,"column":4},"end":{"line":27,"column":5}},{"start":{"line":9,"column":4},"end":{"line":27,"column":5}}],"line":9},"1":{"loc":{"start":{"line":12,"column":11},"end":{"line":27,"column":5}},"type":"if","locations":[{"start":{"line":12,"column":11},"end":{"line":27,"column":5}},{"start":{"line":12,"column":11},"end":{"line":27,"column":5}}],"line":12},"2":{"loc":{"start":{"line":12,"column":15},"end":{"line":12,"column":50}},"type":"binary-expr","locations":[{"start":{"line":12,"column":15},"end":{"line":12,"column":31}},{"start":{"line":12,"column":35},"end":{"line":12,"column":50}}],"line":12},"3":{"loc":{"start":{"line":15,"column":11},"end":{"line":27,"column":5}},"type":"if","locations":[{"start":{"line":15,"column":11},"end":{"line":27,"column":5}},{"start":{"line":15,"column":11},"end":{"line":27,"column":5}}],"line":15},"4":{"loc":{"start":{"line":15,"column":15},"end":{"line":15,"column":50}},"type":"binary-expr","locations":[{"start":{"line":15,"column":15},"end":{"line":15,"column":31}},{"start":{"line":15,"column":35},"end":{"line":15,"column":50}}],"line":15},"5":{"loc":{"start":{"line":18,"column":11},"end":{"line":27,"column":5}},"type":"if","locations":[{"start":{"line":18,"column":11},"end":{"line":27,"column":5}},{"start":{"line":18,"column":11},"end":{"line":27,"column":5}}],"line":18},"6":{"loc":{"start":{"line":18,"column":15},"end":{"line":18,"column":50}},"type":"binary-expr","locations":[{"start":{"line":18,"column":15},"end":{"line":18,"column":31}},{"start":{"line":18,"column":35},"end":{"line":18,"column":50}}],"line":18},"7":{"loc":{"start":{"line":21,"column":11},"end":{"line":27,"column":5}},"type":"if","locations":[{"start":{"line":21,"column":11},"end":{"line":27,"column":5}},{"start":{"line":21,"column":11},"end":{"line":27,"column":5}}],"line":21},"8":{"loc":{"start":{"line":21,"column":15},"end":{"line":21,"column":50}},"type":"binary-expr","locations":[{"start":{"line":21,"column":15},"end":{"line":21,"column":31}},{"start":{"line":21,"column":35},"end":{"line":21,"column":50}}],"line":21},"9":{"loc":{"start":{"line":24,"column":11},"end":{"line":27,"column":5}},"type":"if","locations":[{"start":{"line":24,"column":11},"end":{"line":27,"column":5}},{"start":{"line":24,"column":11},"end":{"line":27,"column":5}}],"line":24},"10":{"loc":{"start":{"line":24,"column":15},"end":{"line":24,"column":48}},"type":"binary-expr","locations":[{"start":{"line":24,"column":15},"end":{"line":24,"column":29}},{"start":{"line":24,"column":33},"end":{"line":24,"column":48}}],"line":24},"11":{"loc":{"start":{"line":32,"column":4},"end":{"line":35,"column":5}},"type":"if","locations":[{"start":{"line":32,"column":4},"end":{"line":35,"column":5}},{"start":{"line":32,"column":4},"end":{"line":35,"column":5}}],"line":32},"12":{"loc":{"start":{"line":36,"column":4},"end":{"line":39,"column":5}},"type":"if","locations":[{"start":{"line":36,"column":4},"end":{"line":39,"column":5}},{"start":{"line":36,"column":4},"end":{"line":39,"column":5}}],"line":36},"13":{"loc":{"start":{"line":40,"column":4},"end":{"line":43,"column":5}},"type":"if","locations":[{"start":{"line":40,"column":4},"end":{"line":43,"column":5}},{"start":{"line":40,"column":4},"end":{"line":43,"column":5}}],"line":40},"14":{"loc":{"start":{"line":44,"column":4},"end":{"line":47,"column":5}},"type":"if","locations":[{"start":{"line":44,"column":4},"end":{"line":47,"column":5}},{"start":{"line":44,"column":4},"end":{"line":47,"column":5}}],"line":44}},"s":{"0":2,"1":2,"2":2,"3":1,"4":1,"5":0,"6":0,"7":1,"8":0,"9":0,"10":1,"11":1,"12":1,"13":0,"14":0,"15":0,"16":0,"17":0,"18":0,"19":0,"20":0,"21":0,"22":1,"23":1,"24":1,"25":0,"26":0,"27":1,"28":0,"29":0,"30":1,"31":0,"32":0,"33":1,"34":0,"35":0,"36":1,"37":1},"f":{"0":2,"1":1,"2":1},"b":{"0":[0,1],"1":[0,1],"2":[1,0],"3":[1,0],"4":[1,1],"5":[0,0],"6":[0,0],"7":[0,0],"8":[0,0],"9":[0,0],"10":[0,0],"11":[0,1],"12":[0,1],"13":[0,1],"14":[0,1]},"_coverageSchema":"1a1c01bbd47fc00a2c39e90264f33305004495a9","hash":"8a172b082d2df4856c99cd1d06d6f4d32b0c4933"}
,"/home/joy/Desktop/circleci-original-Jude/atimjs/models/student.js": {"path":"/home/joy/Desktop/circleci-original-Jude/atimjs/models/student.js","statementMap":{"0":{"start":{"line":3,"column":4},"end":{"line":3,"column":31}},"1":{"start":{"line":4,"column":4},"end":{"line":4,"column":33}},"2":{"start":{"line":5,"column":4},"end":{"line":5,"column":25}},"3":{"start":{"line":6,"column":4},"end":{"line":6,"column":19}}},"fnMap":{"0":{"name":"(anonymous_0)","decl":{"start":{"line":2,"column":2},"end":{"line":2,"column":3}},"loc":{"start":{"line":2,"column":50},"end":{"line":7,"column":3}},"line":2}},"branchMap":{},"s":{"0":0,"1":0,"2":0,"3":0},"f":{"0":0},"b":{},"_coverageSchema":"1a1c01bbd47fc00a2c39e90264f33305004495a9","hash":"140f3cb532f4349b432e2dcd4936299f9196a51e"}
}
